<?xml version="1.0" encoding="UTF-8"?>
<!-- Generated by org.testng.reporters.JUnitReportReporter -->
<testsuite skipped="0" hostname="DESKTOP-KD9R06D" name="com.nopcommerce.testCases.TC_001_LoginTestCase" tests="1" failures="0" timestamp="08 May 2020 06:02:45 GMT" time="21.405" errors="0">
  <testcase name="LoginTest" time="21.405" classname="com.nopcommerce.testCases.TC_001_LoginTestCase"/>
</testsuite> <!-- com.nopcommerce.testCases.TC_001_LoginTestCase -->
